mode: atomic
github.com/techsavvyash/veil/packages/caddy/internal/handlers/veil_handler.go:23.51,26.28 1 0
github.com/techsavvyash/veil/packages/caddy/internal/handlers/veil_handler.go:26.28,26.55 1 0
github.com/techsavvyash/veil/packages/caddy/internal/handlers/veil_handler.go:31.58,35.2 3 0
github.com/techsavvyash/veil/packages/caddy/internal/handlers/veil_handler.go:38.40,40.2 1 0
github.com/techsavvyash/veil/packages/caddy/internal/handlers/veil_handler.go:43.103,48.16 3 0
github.com/techsavvyash/veil/packages/caddy/internal/handlers/veil_handler.go:48.16,50.3 1 0
github.com/techsavvyash/veil/packages/caddy/internal/handlers/veil_handler.go:51.2,51.22 1 0
github.com/techsavvyash/veil/packages/caddy/internal/handlers/veil_handler.go:51.22,53.3 1 0
github.com/techsavvyash/veil/packages/caddy/internal/handlers/veil_handler.go:56.2,57.27 2 0
github.com/techsavvyash/veil/packages/caddy/internal/handlers/veil_handler.go:57.27,60.3 1 0
github.com/techsavvyash/veil/packages/caddy/internal/handlers/veil_handler.go:62.2,62.73 1 0
github.com/techsavvyash/veil/packages/caddy/internal/handlers/veil_handler.go:62.73,65.3 1 0
github.com/techsavvyash/veil/packages/caddy/internal/handlers/veil_handler.go:68.2,68.51 1 0
github.com/techsavvyash/veil/packages/caddy/internal/handlers/veil_handler.go:68.51,69.33 1 0
github.com/techsavvyash/veil/packages/caddy/internal/handlers/veil_handler.go:69.33,72.4 1 0
github.com/techsavvyash/veil/packages/caddy/internal/handlers/veil_handler.go:76.2,76.53 1 0
github.com/techsavvyash/veil/packages/caddy/internal/handlers/veil_handler.go:76.53,81.3 1 0
github.com/techsavvyash/veil/packages/caddy/internal/handlers/veil_handler.go:83.2,83.29 1 0
github.com/techsavvyash/veil/packages/caddy/internal/config/config.go:18.71,19.15 1 0
github.com/techsavvyash/veil/packages/caddy/internal/config/config.go:19.15,20.25 1 0
github.com/techsavvyash/veil/packages/caddy/internal/config/config.go:20.25,22.4 1 0
github.com/techsavvyash/veil/packages/caddy/internal/config/config.go:24.2,24.12 1 0
github.com/techsavvyash/veil/packages/caddy/internal/config/config.go:28.57,29.20 1 0
github.com/techsavvyash/veil/packages/caddy/internal/config/config.go:29.20,31.3 1 0
github.com/techsavvyash/veil/packages/caddy/internal/config/config.go:33.2,34.16 2 0
github.com/techsavvyash/veil/packages/caddy/internal/config/config.go:34.16,36.3 1 0
github.com/techsavvyash/veil/packages/caddy/internal/config/config.go:38.2,39.12 2 0
github.com/techsavvyash/veil/packages/caddy/internal/config/config.go:43.77,45.9 2 0
github.com/techsavvyash/veil/packages/caddy/internal/config/config.go:45.9,47.3 1 0
github.com/techsavvyash/veil/packages/caddy/internal/config/config.go:49.2,49.37 1 0
github.com/techsavvyash/veil/packages/caddy/internal/config/config.go:53.39,55.2 1 0
github.com/techsavvyash/veil/packages/caddy/internal/config/config.go:58.41,60.2 1 0
github.com/techsavvyash/veil/packages/caddy/internal/store/api_store.go:17.41,19.2 1 0
github.com/techsavvyash/veil/packages/caddy/internal/store/api_store.go:22.62,24.2 1 0
github.com/techsavvyash/veil/packages/caddy/internal/store/api_store.go:27.73,30.16 3 0
github.com/techsavvyash/veil/packages/caddy/internal/store/api_store.go:30.16,31.45 1 0
github.com/techsavvyash/veil/packages/caddy/internal/store/api_store.go:31.45,33.4 1 0
github.com/techsavvyash/veil/packages/caddy/internal/store/api_store.go:34.3,34.18 1 0
github.com/techsavvyash/veil/packages/caddy/internal/store/api_store.go:36.2,36.21 1 0
github.com/techsavvyash/veil/packages/caddy/internal/store/api_store.go:40.54,47.2 1 0
github.com/techsavvyash/veil/packages/caddy/internal/store/api_store.go:50.59,54.2 3 0
github.com/techsavvyash/veil/packages/caddy/internal/store/api_store.go:57.49,59.2 1 0
github.com/techsavvyash/veil/packages/caddy/internal/store/api_store.go:62.40,68.2 1 0
github.com/techsavvyash/veil/packages/caddy/module.go:11.13,14.2 1 1
github.com/techsavvyash/veil/packages/caddy/module.go:17.84,22.16 4 0
github.com/techsavvyash/veil/packages/caddy/module.go:22.16,24.3 1 0
github.com/techsavvyash/veil/packages/caddy/module.go:26.2,27.22 2 0
github.com/techsavvyash/veil/packages/caddy/veil.go:35.13,37.2 1 1
github.com/techsavvyash/veil/packages/caddy/veil.go:112.44,115.28 1 0
github.com/techsavvyash/veil/packages/caddy/veil.go:115.28,115.48 1 0
github.com/techsavvyash/veil/packages/caddy/veil.go:120.51,124.20 2 0
github.com/techsavvyash/veil/packages/caddy/veil.go:124.20,126.59 2 0
github.com/techsavvyash/veil/packages/caddy/veil.go:126.59,128.4 1 0
github.com/techsavvyash/veil/packages/caddy/veil.go:129.3,129.54 1 0
github.com/techsavvyash/veil/packages/caddy/veil.go:133.2,133.30 1 0
github.com/techsavvyash/veil/packages/caddy/veil.go:133.30,135.3 1 0
github.com/techsavvyash/veil/packages/caddy/veil.go:136.2,136.26 1 0
github.com/techsavvyash/veil/packages/caddy/veil.go:136.26,138.3 1 0
github.com/techsavvyash/veil/packages/caddy/veil.go:141.2,141.35 1 0
github.com/techsavvyash/veil/packages/caddy/veil.go:141.35,143.3 1 0
github.com/techsavvyash/veil/packages/caddy/veil.go:146.2,146.37 1 0
github.com/techsavvyash/veil/packages/caddy/veil.go:146.37,148.3 1 0
github.com/techsavvyash/veil/packages/caddy/veil.go:150.2,150.12 1 0
github.com/techsavvyash/veil/packages/caddy/veil.go:154.31,157.16 3 3
github.com/techsavvyash/veil/packages/caddy/veil.go:157.16,159.3 1 0
github.com/techsavvyash/veil/packages/caddy/veil.go:162.2,162.86 1 3
github.com/techsavvyash/veil/packages/caddy/veil.go:162.86,164.3 1 0
github.com/techsavvyash/veil/packages/caddy/veil.go:166.2,166.12 1 3
github.com/techsavvyash/veil/packages/caddy/veil.go:170.33,175.88 4 0
github.com/techsavvyash/veil/packages/caddy/veil.go:175.88,177.3 1 0
github.com/techsavvyash/veil/packages/caddy/veil.go:179.2,180.12 2 0
github.com/techsavvyash/veil/packages/caddy/veil.go:184.33,185.32 1 0
github.com/techsavvyash/veil/packages/caddy/veil.go:185.32,187.3 1 0
github.com/techsavvyash/veil/packages/caddy/veil.go:188.2,188.12 1 0
github.com/techsavvyash/veil/packages/caddy/veil.go:192.71,195.32 2 5
github.com/techsavvyash/veil/packages/caddy/veil.go:195.32,196.27 1 6
github.com/techsavvyash/veil/packages/caddy/veil.go:196.27,198.9 2 4
github.com/techsavvyash/veil/packages/caddy/veil.go:201.2,201.20 1 5
github.com/techsavvyash/veil/packages/caddy/veil.go:201.20,203.3 1 1
github.com/techsavvyash/veil/packages/caddy/veil.go:206.2,206.45 1 4
github.com/techsavvyash/veil/packages/caddy/veil.go:206.45,207.33 1 4
github.com/techsavvyash/veil/packages/caddy/veil.go:207.33,209.4 1 1
github.com/techsavvyash/veil/packages/caddy/veil.go:213.2,213.39 1 3
github.com/techsavvyash/veil/packages/caddy/veil.go:213.39,215.21 2 5
github.com/techsavvyash/veil/packages/caddy/veil.go:216.16,218.37 2 0
github.com/techsavvyash/veil/packages/caddy/veil.go:218.37,220.5 1 0
github.com/techsavvyash/veil/packages/caddy/veil.go:221.4,221.45 1 0
github.com/techsavvyash/veil/packages/caddy/veil.go:221.45,223.34 2 0
github.com/techsavvyash/veil/packages/caddy/veil.go:223.34,225.6 1 0
github.com/techsavvyash/veil/packages/caddy/veil.go:227.17,229.37 2 2
github.com/techsavvyash/veil/packages/caddy/veil.go:229.37,231.5 1 0
github.com/techsavvyash/veil/packages/caddy/veil.go:232.4,232.45 1 2
github.com/techsavvyash/veil/packages/caddy/veil.go:232.45,234.34 2 2
github.com/techsavvyash/veil/packages/caddy/veil.go:234.34,236.6 1 1
github.com/techsavvyash/veil/packages/caddy/veil.go:238.15,241.24 3 3
github.com/techsavvyash/veil/packages/caddy/veil.go:241.24,243.5 1 3
github.com/techsavvyash/veil/packages/caddy/veil.go:244.4,244.37 1 3
github.com/techsavvyash/veil/packages/caddy/veil.go:244.37,246.5 1 0
github.com/techsavvyash/veil/packages/caddy/veil.go:247.4,247.45 1 3
github.com/techsavvyash/veil/packages/caddy/veil.go:247.45,249.34 2 3
github.com/techsavvyash/veil/packages/caddy/veil.go:249.34,251.6 1 1
github.com/techsavvyash/veil/packages/caddy/veil.go:256.2,256.12 1 1
github.com/techsavvyash/veil/packages/caddy/veil.go:268.55,269.15 1 0
github.com/techsavvyash/veil/packages/caddy/veil.go:269.15,271.3 1 0
github.com/techsavvyash/veil/packages/caddy/veil.go:272.2,274.36 3 0
github.com/techsavvyash/veil/packages/caddy/veil.go:277.62,278.16 1 0
github.com/techsavvyash/veil/packages/caddy/veil.go:278.16,280.3 1 0
github.com/techsavvyash/veil/packages/caddy/veil.go:281.2,282.34 2 0
github.com/techsavvyash/veil/packages/caddy/veil.go:285.54,286.22 1 0
github.com/techsavvyash/veil/packages/caddy/veil.go:286.22,288.3 1 0
github.com/techsavvyash/veil/packages/caddy/veil.go:289.2,289.18 1 0
github.com/techsavvyash/veil/packages/caddy/veil.go:293.62,295.2 1 0
github.com/techsavvyash/veil/packages/caddy/veil.go:298.96,300.97 1 0
github.com/techsavvyash/veil/packages/caddy/veil.go:300.97,304.19 2 0
github.com/techsavvyash/veil/packages/caddy/veil.go:305.19,306.35 1 0
github.com/techsavvyash/veil/packages/caddy/veil.go:306.35,309.5 2 0
github.com/techsavvyash/veil/packages/caddy/veil.go:310.4,310.35 1 0
github.com/techsavvyash/veil/packages/caddy/veil.go:311.16,312.34 1 0
github.com/techsavvyash/veil/packages/caddy/veil.go:312.34,315.5 2 0
github.com/techsavvyash/veil/packages/caddy/veil.go:316.4,316.32 1 0
github.com/techsavvyash/veil/packages/caddy/veil.go:317.11,319.43 2 0
github.com/techsavvyash/veil/packages/caddy/veil.go:323.2,328.29 4 0
github.com/techsavvyash/veil/packages/caddy/veil.go:328.29,329.46 1 0
github.com/techsavvyash/veil/packages/caddy/veil.go:329.46,332.9 3 0
github.com/techsavvyash/veil/packages/caddy/veil.go:336.2,336.23 1 0
github.com/techsavvyash/veil/packages/caddy/veil.go:336.23,338.3 1 0
github.com/techsavvyash/veil/packages/caddy/veil.go:341.2,341.57 1 0
github.com/techsavvyash/veil/packages/caddy/veil.go:341.57,344.3 2 0
github.com/techsavvyash/veil/packages/caddy/veil.go:347.2,348.24 2 0
github.com/techsavvyash/veil/packages/caddy/veil.go:348.24,351.3 2 0
github.com/techsavvyash/veil/packages/caddy/veil.go:353.2,353.53 1 0
github.com/techsavvyash/veil/packages/caddy/veil.go:353.53,356.3 2 0
github.com/techsavvyash/veil/packages/caddy/veil.go:359.2,363.16 3 0
github.com/techsavvyash/veil/packages/caddy/veil.go:363.16,367.3 3 0
github.com/techsavvyash/veil/packages/caddy/veil.go:370.2,383.41 6 0
github.com/techsavvyash/veil/packages/caddy/veil.go:383.41,385.3 1 0
github.com/techsavvyash/veil/packages/caddy/veil.go:387.2,400.16 4 0
github.com/techsavvyash/veil/packages/caddy/veil.go:400.16,402.3 1 0
github.com/techsavvyash/veil/packages/caddy/veil.go:405.2,405.32 1 0
github.com/techsavvyash/veil/packages/caddy/veil.go:405.32,407.3 1 0
github.com/techsavvyash/veil/packages/caddy/veil.go:410.2,410.19 1 0
github.com/techsavvyash/veil/packages/caddy/veil.go:410.19,412.3 1 0
github.com/techsavvyash/veil/packages/caddy/veil.go:413.2,416.21 2 0
github.com/techsavvyash/veil/packages/caddy/veil.go:416.21,417.46 1 0
github.com/techsavvyash/veil/packages/caddy/veil.go:417.46,420.4 2 0
github.com/techsavvyash/veil/packages/caddy/veil.go:423.2,423.12 1 0
github.com/techsavvyash/veil/packages/caddy/veil.go:427.44,435.24 2 0
github.com/techsavvyash/veil/packages/caddy/veil.go:435.24,437.3 1 0
github.com/techsavvyash/veil/packages/caddy/veil.go:441.79,444.61 2 3
github.com/techsavvyash/veil/packages/caddy/veil.go:444.61,447.3 2 0
github.com/techsavvyash/veil/packages/caddy/veil.go:450.2,450.76 1 3
github.com/techsavvyash/veil/packages/caddy/veil.go:450.76,453.3 2 1
github.com/techsavvyash/veil/packages/caddy/veil.go:455.2,455.27 1 2
github.com/techsavvyash/veil/packages/caddy/veil.go:455.27,458.3 2 1
github.com/techsavvyash/veil/packages/caddy/veil.go:461.2,462.21 2 1
github.com/techsavvyash/veil/packages/caddy/veil.go:462.21,465.3 2 0
github.com/techsavvyash/veil/packages/caddy/veil.go:468.2,472.14 4 1
github.com/techsavvyash/veil/packages/caddy/veil.go:472.14,477.45 4 0
github.com/techsavvyash/veil/packages/caddy/veil.go:477.45,481.4 3 0
github.com/techsavvyash/veil/packages/caddy/veil.go:484.3,484.90 1 0
github.com/techsavvyash/veil/packages/caddy/veil.go:484.90,488.4 3 0
github.com/techsavvyash/veil/packages/caddy/veil.go:489.3,489.93 1 0
github.com/techsavvyash/veil/packages/caddy/veil.go:489.93,493.4 3 0
github.com/techsavvyash/veil/packages/caddy/veil.go:494.8,503.47 2 1
github.com/techsavvyash/veil/packages/caddy/veil.go:503.47,507.4 3 0
github.com/techsavvyash/veil/packages/caddy/veil.go:511.2,511.37 1 1
github.com/techsavvyash/veil/packages/caddy/veil.go:511.37,516.53 2 2
github.com/techsavvyash/veil/packages/caddy/veil.go:516.53,520.4 3 0
github.com/techsavvyash/veil/packages/caddy/veil.go:524.2,524.39 1 1
github.com/techsavvyash/veil/packages/caddy/veil.go:524.39,526.49 2 1
github.com/techsavvyash/veil/packages/caddy/veil.go:526.49,530.4 3 0
github.com/techsavvyash/veil/packages/caddy/veil.go:534.2,535.14 2 1
github.com/techsavvyash/veil/packages/caddy/veil.go:535.14,537.38 1 0
github.com/techsavvyash/veil/packages/caddy/veil.go:537.38,538.36 1 0
github.com/techsavvyash/veil/packages/caddy/veil.go:538.36,540.10 2 0
github.com/techsavvyash/veil/packages/caddy/veil.go:543.8,546.3 1 1
github.com/techsavvyash/veil/packages/caddy/veil.go:547.2,550.44 2 1
github.com/techsavvyash/veil/packages/caddy/veil.go:550.44,554.3 3 0
github.com/techsavvyash/veil/packages/caddy/veil.go:557.2,557.42 1 1
github.com/techsavvyash/veil/packages/caddy/veil.go:557.42,560.3 2 0
github.com/techsavvyash/veil/packages/caddy/veil.go:563.2,571.40 4 1
github.com/techsavvyash/veil/packages/caddy/veil.go:575.76,577.88 2 1
github.com/techsavvyash/veil/packages/caddy/veil.go:577.88,579.3 1 0
github.com/techsavvyash/veil/packages/caddy/veil.go:581.2,582.40 2 1
github.com/techsavvyash/veil/packages/caddy/veil.go:586.47,591.29 2 0
github.com/techsavvyash/veil/packages/caddy/veil.go:591.29,593.90 2 0
github.com/techsavvyash/veil/packages/caddy/veil.go:593.90,595.4 1 0
github.com/techsavvyash/veil/packages/caddy/veil.go:597.3,624.33 2 0
github.com/techsavvyash/veil/packages/caddy/veil.go:628.2,648.16 4 0
github.com/techsavvyash/veil/packages/caddy/veil.go:648.16,650.3 1 0
github.com/techsavvyash/veil/packages/caddy/veil.go:652.2,656.16 3 0
github.com/techsavvyash/veil/packages/caddy/veil.go:656.16,658.3 1 0
github.com/techsavvyash/veil/packages/caddy/veil.go:659.2,662.16 3 0
github.com/techsavvyash/veil/packages/caddy/veil.go:662.16,664.3 1 0
github.com/techsavvyash/veil/packages/caddy/veil.go:665.2,667.38 2 0
github.com/techsavvyash/veil/packages/caddy/veil.go:667.38,673.3 3 0
github.com/techsavvyash/veil/packages/caddy/veil.go:675.2,676.12 2 0
github.com/techsavvyash/veil/packages/caddy/veil.go:680.43,683.2 1 0
github.com/techsavvyash/veil/packages/caddy/veil.go:686.65,687.15 1 0
github.com/techsavvyash/veil/packages/caddy/veil.go:687.15,688.37 1 0
github.com/techsavvyash/veil/packages/caddy/veil.go:688.37,690.4 1 0
github.com/techsavvyash/veil/packages/caddy/veil.go:693.3,695.22 2 0
github.com/techsavvyash/veil/packages/caddy/veil.go:695.22,696.19 1 0
github.com/techsavvyash/veil/packages/caddy/veil.go:697.15,699.21 2 0
github.com/techsavvyash/veil/packages/caddy/veil.go:699.21,701.6 1 0
github.com/techsavvyash/veil/packages/caddy/veil.go:702.5,703.21 2 0
github.com/techsavvyash/veil/packages/caddy/veil.go:703.21,705.6 1 0
github.com/techsavvyash/veil/packages/caddy/veil.go:706.5,707.21 2 0
github.com/techsavvyash/veil/packages/caddy/veil.go:707.21,709.6 1 0
github.com/techsavvyash/veil/packages/caddy/veil.go:710.5,711.33 2 0
github.com/techsavvyash/veil/packages/caddy/veil.go:712.12,713.54 1 0
github.com/techsavvyash/veil/packages/caddy/veil.go:717.2,717.12 1 0
github.com/techsavvyash/veil/packages/caddy/veil.go:721.82,726.16 4 0
github.com/techsavvyash/veil/packages/caddy/veil.go:726.16,728.3 1 0
github.com/techsavvyash/veil/packages/caddy/veil.go:730.2,731.22 2 0
github.com/techsavvyash/veil/packages/caddy/veil.go:735.32,736.17 1 0
github.com/techsavvyash/veil/packages/caddy/veil.go:736.17,738.17 2 0
github.com/techsavvyash/veil/packages/caddy/veil.go:738.17,740.4 1 0
github.com/techsavvyash/veil/packages/caddy/veil.go:741.3,741.23 1 0
github.com/techsavvyash/veil/packages/caddy/veil.go:743.2,743.12 1 0
github.com/techsavvyash/veil/packages/caddy/internal/config/config.go:18.71,19.15 1 0
github.com/techsavvyash/veil/packages/caddy/internal/config/config.go:19.15,20.25 1 0
github.com/techsavvyash/veil/packages/caddy/internal/config/config.go:20.25,22.4 1 0
github.com/techsavvyash/veil/packages/caddy/internal/config/config.go:24.2,24.12 1 0
github.com/techsavvyash/veil/packages/caddy/internal/config/config.go:28.57,29.20 1 0
github.com/techsavvyash/veil/packages/caddy/internal/config/config.go:29.20,31.3 1 0
github.com/techsavvyash/veil/packages/caddy/internal/config/config.go:33.2,34.16 2 0
github.com/techsavvyash/veil/packages/caddy/internal/config/config.go:34.16,36.3 1 0
github.com/techsavvyash/veil/packages/caddy/internal/config/config.go:38.2,39.12 2 0
github.com/techsavvyash/veil/packages/caddy/internal/config/config.go:43.77,45.9 2 0
github.com/techsavvyash/veil/packages/caddy/internal/config/config.go:45.9,47.3 1 0
github.com/techsavvyash/veil/packages/caddy/internal/config/config.go:49.2,49.37 1 0
github.com/techsavvyash/veil/packages/caddy/internal/config/config.go:53.39,55.2 1 0
github.com/techsavvyash/veil/packages/caddy/internal/config/config.go:58.41,60.2 1 0
github.com/techsavvyash/veil/packages/caddy/internal/handlers/veil_handler.go:23.51,26.28 1 1
github.com/techsavvyash/veil/packages/caddy/internal/handlers/veil_handler.go:26.28,26.55 1 1
github.com/techsavvyash/veil/packages/caddy/internal/handlers/veil_handler.go:31.58,35.2 3 0
github.com/techsavvyash/veil/packages/caddy/internal/handlers/veil_handler.go:38.40,40.2 1 0
github.com/techsavvyash/veil/packages/caddy/internal/handlers/veil_handler.go:43.103,48.16 3 0
github.com/techsavvyash/veil/packages/caddy/internal/handlers/veil_handler.go:48.16,50.3 1 0
github.com/techsavvyash/veil/packages/caddy/internal/handlers/veil_handler.go:51.2,51.22 1 0
github.com/techsavvyash/veil/packages/caddy/internal/handlers/veil_handler.go:51.22,53.3 1 0
github.com/techsavvyash/veil/packages/caddy/internal/handlers/veil_handler.go:56.2,57.27 2 0
github.com/techsavvyash/veil/packages/caddy/internal/handlers/veil_handler.go:57.27,60.3 1 0
github.com/techsavvyash/veil/packages/caddy/internal/handlers/veil_handler.go:62.2,62.73 1 0
github.com/techsavvyash/veil/packages/caddy/internal/handlers/veil_handler.go:62.73,65.3 1 0
github.com/techsavvyash/veil/packages/caddy/internal/handlers/veil_handler.go:68.2,68.51 1 0
github.com/techsavvyash/veil/packages/caddy/internal/handlers/veil_handler.go:68.51,69.33 1 0
github.com/techsavvyash/veil/packages/caddy/internal/handlers/veil_handler.go:69.33,72.4 1 0
github.com/techsavvyash/veil/packages/caddy/internal/handlers/veil_handler.go:76.2,76.53 1 0
github.com/techsavvyash/veil/packages/caddy/internal/handlers/veil_handler.go:76.53,81.3 1 0
github.com/techsavvyash/veil/packages/caddy/internal/handlers/veil_handler.go:83.2,83.29 1 0
github.com/techsavvyash/veil/packages/caddy/internal/store/api_store.go:17.41,19.2 1 0
github.com/techsavvyash/veil/packages/caddy/internal/store/api_store.go:22.62,24.2 1 0
github.com/techsavvyash/veil/packages/caddy/internal/store/api_store.go:27.73,30.16 3 0
github.com/techsavvyash/veil/packages/caddy/internal/store/api_store.go:30.16,31.45 1 0
github.com/techsavvyash/veil/packages/caddy/internal/store/api_store.go:31.45,33.4 1 0
github.com/techsavvyash/veil/packages/caddy/internal/store/api_store.go:34.3,34.18 1 0
github.com/techsavvyash/veil/packages/caddy/internal/store/api_store.go:36.2,36.21 1 0
github.com/techsavvyash/veil/packages/caddy/internal/store/api_store.go:40.54,47.2 1 0
github.com/techsavvyash/veil/packages/caddy/internal/store/api_store.go:50.59,54.2 3 0
github.com/techsavvyash/veil/packages/caddy/internal/store/api_store.go:57.49,59.2 1 0
github.com/techsavvyash/veil/packages/caddy/internal/store/api_store.go:62.40,68.2 1 0
