mode: atomic
github.com/try-veil/veil/packages/caddy/module.go:14.13,20.2 2 0
github.com/try-veil/veil/packages/caddy/module.go:23.84,27.15 2 0
github.com/try-veil/veil/packages/caddy/module.go:27.15,29.19 1 0
github.com/try-veil/veil/packages/caddy/module.go:29.19,31.4 1 0
github.com/try-veil/veil/packages/caddy/module.go:32.3,35.19 2 0
github.com/try-veil/veil/packages/caddy/module.go:35.19,37.4 1 0
github.com/try-veil/veil/packages/caddy/module.go:38.3,41.18 2 0
github.com/try-veil/veil/packages/caddy/module.go:41.18,43.4 1 0
github.com/try-veil/veil/packages/caddy/module.go:46.3,46.22 1 0
github.com/try-veil/veil/packages/caddy/module.go:46.22,48.4 1 0
github.com/try-veil/veil/packages/caddy/module.go:52.2,56.22 2 0
github.com/try-veil/veil/packages/caddy/internal/config/config.go:24.71,25.15 1 0
github.com/try-veil/veil/packages/caddy/internal/config/config.go:25.15,26.25 1 0
github.com/try-veil/veil/packages/caddy/internal/config/config.go:26.25,28.4 1 0
github.com/try-veil/veil/packages/caddy/internal/config/config.go:30.2,30.12 1 0
github.com/try-veil/veil/packages/caddy/internal/config/config.go:34.57,47.16 6 0
github.com/try-veil/veil/packages/caddy/internal/config/config.go:47.16,52.3 2 0
github.com/try-veil/veil/packages/caddy/internal/config/config.go:54.2,63.16 2 0
github.com/try-veil/veil/packages/caddy/internal/config/config.go:63.16,67.3 2 0
github.com/try-veil/veil/packages/caddy/internal/config/config.go:69.2,71.12 2 0
github.com/try-veil/veil/packages/caddy/internal/config/config.go:75.77,77.9 2 0
github.com/try-veil/veil/packages/caddy/internal/config/config.go:77.9,79.3 1 0
github.com/try-veil/veil/packages/caddy/internal/config/config.go:81.2,81.37 1 0
github.com/try-veil/veil/packages/caddy/internal/config/config.go:85.39,87.2 1 0
github.com/try-veil/veil/packages/caddy/internal/config/config.go:90.41,92.2 1 0
github.com/try-veil/veil/packages/caddy/internal/store/api_store.go:19.41,24.2 1 0
github.com/try-veil/veil/packages/caddy/internal/store/api_store.go:27.62,35.37 2 0
github.com/try-veil/veil/packages/caddy/internal/store/api_store.go:35.37,40.3 1 0
github.com/try-veil/veil/packages/caddy/internal/store/api_store.go:42.2,43.16 2 0
github.com/try-veil/veil/packages/caddy/internal/store/api_store.go:43.16,48.3 2 0
github.com/try-veil/veil/packages/caddy/internal/store/api_store.go:51.2,53.16 3 0
github.com/try-veil/veil/packages/caddy/internal/store/api_store.go:53.16,57.3 1 0
github.com/try-veil/veil/packages/caddy/internal/store/api_store.go:57.8,61.3 1 0
github.com/try-veil/veil/packages/caddy/internal/store/api_store.go:63.2,67.12 2 0
github.com/try-veil/veil/packages/caddy/internal/store/api_store.go:71.73,80.16 4 0
github.com/try-veil/veil/packages/caddy/internal/store/api_store.go:80.16,84.3 2 0
github.com/try-veil/veil/packages/caddy/internal/store/api_store.go:86.2,90.33 2 0
github.com/try-veil/veil/packages/caddy/internal/store/api_store.go:90.33,96.38 2 0
github.com/try-veil/veil/packages/caddy/internal/store/api_store.go:96.38,101.4 1 0
github.com/try-veil/veil/packages/caddy/internal/store/api_store.go:105.2,108.33 3 0
github.com/try-veil/veil/packages/caddy/internal/store/api_store.go:108.33,115.76 3 0
github.com/try-veil/veil/packages/caddy/internal/store/api_store.go:115.76,121.4 3 0
github.com/try-veil/veil/packages/caddy/internal/store/api_store.go:124.2,124.22 1 0
github.com/try-veil/veil/packages/caddy/internal/store/api_store.go:124.22,129.41 2 0
github.com/try-veil/veil/packages/caddy/internal/store/api_store.go:129.41,134.4 1 0
github.com/try-veil/veil/packages/caddy/internal/store/api_store.go:135.8,138.3 1 0
github.com/try-veil/veil/packages/caddy/internal/store/api_store.go:140.2,140.23 1 0
github.com/try-veil/veil/packages/caddy/internal/store/api_store.go:144.84,145.38 1 0
github.com/try-veil/veil/packages/caddy/internal/store/api_store.go:145.38,150.3 2 0
github.com/try-veil/veil/packages/caddy/internal/store/api_store.go:152.2,158.94 2 0
github.com/try-veil/veil/packages/caddy/internal/store/api_store.go:158.94,163.3 2 0
github.com/try-veil/veil/packages/caddy/internal/store/api_store.go:165.2,168.40 2 0
github.com/try-veil/veil/packages/caddy/internal/store/api_store.go:168.40,175.40 2 0
github.com/try-veil/veil/packages/caddy/internal/store/api_store.go:175.40,177.64 1 0
github.com/try-veil/veil/packages/caddy/internal/store/api_store.go:177.64,181.13 2 0
github.com/try-veil/veil/packages/caddy/internal/store/api_store.go:183.4,185.15 2 0
github.com/try-veil/veil/packages/caddy/internal/store/api_store.go:189.2,190.14 2 0
github.com/try-veil/veil/packages/caddy/internal/store/api_store.go:194.54,205.25 3 0
github.com/try-veil/veil/packages/caddy/internal/store/api_store.go:205.25,210.3 2 0
github.com/try-veil/veil/packages/caddy/internal/store/api_store.go:212.2,216.12 2 0
github.com/try-veil/veil/packages/caddy/internal/store/api_store.go:220.59,227.16 3 0
github.com/try-veil/veil/packages/caddy/internal/store/api_store.go:227.16,231.3 2 0
github.com/try-veil/veil/packages/caddy/internal/store/api_store.go:233.2,236.21 2 0
github.com/try-veil/veil/packages/caddy/internal/store/api_store.go:240.49,245.25 3 0
github.com/try-veil/veil/packages/caddy/internal/store/api_store.go:245.25,250.3 2 0
github.com/try-veil/veil/packages/caddy/internal/store/api_store.go:252.2,256.12 2 0
github.com/try-veil/veil/packages/caddy/internal/store/api_store.go:260.40,270.16 3 0
github.com/try-veil/veil/packages/caddy/internal/store/api_store.go:270.16,274.3 2 0
github.com/try-veil/veil/packages/caddy/internal/store/api_store.go:276.2,277.12 2 0
github.com/try-veil/veil/packages/caddy/internal/store/api_store.go:281.62,290.21 3 0
github.com/try-veil/veil/packages/caddy/internal/store/api_store.go:290.21,292.3 1 0
github.com/try-veil/veil/packages/caddy/internal/store/api_store.go:295.2,295.46 1 0
github.com/try-veil/veil/packages/caddy/internal/store/api_store.go:295.46,301.3 3 0
github.com/try-veil/veil/packages/caddy/internal/store/api_store.go:304.2,304.42 1 0
github.com/try-veil/veil/packages/caddy/internal/store/api_store.go:304.42,309.3 2 0
github.com/try-veil/veil/packages/caddy/internal/store/api_store.go:311.2,315.12 2 0
github.com/try-veil/veil/packages/caddy/internal/config/config.go:24.71,25.15 1 0
github.com/try-veil/veil/packages/caddy/internal/config/config.go:25.15,26.25 1 0
github.com/try-veil/veil/packages/caddy/internal/config/config.go:26.25,28.4 1 0
github.com/try-veil/veil/packages/caddy/internal/config/config.go:30.2,30.12 1 0
github.com/try-veil/veil/packages/caddy/internal/config/config.go:34.57,47.16 6 4
github.com/try-veil/veil/packages/caddy/internal/config/config.go:47.16,52.3 2 0
github.com/try-veil/veil/packages/caddy/internal/config/config.go:54.2,63.16 2 4
github.com/try-veil/veil/packages/caddy/internal/config/config.go:63.16,67.3 2 0
github.com/try-veil/veil/packages/caddy/internal/config/config.go:69.2,71.12 2 4
github.com/try-veil/veil/packages/caddy/internal/config/config.go:75.77,77.9 2 0
github.com/try-veil/veil/packages/caddy/internal/config/config.go:77.9,79.3 1 0
github.com/try-veil/veil/packages/caddy/internal/config/config.go:81.2,81.37 1 0
github.com/try-veil/veil/packages/caddy/internal/config/config.go:85.39,87.2 1 4
github.com/try-veil/veil/packages/caddy/internal/config/config.go:90.41,92.2 1 0
github.com/try-veil/veil/packages/caddy/internal/handlers/veil_handler.go:35.51,38.28 1 0
github.com/try-veil/veil/packages/caddy/internal/handlers/veil_handler.go:38.28,38.55 1 0
github.com/try-veil/veil/packages/caddy/internal/handlers/veil_handler.go:43.72,44.15 1 0
github.com/try-veil/veil/packages/caddy/internal/handlers/veil_handler.go:44.15,45.19 1 0
github.com/try-veil/veil/packages/caddy/internal/handlers/veil_handler.go:45.19,47.4 1 0
github.com/try-veil/veil/packages/caddy/internal/handlers/veil_handler.go:48.3,50.19 2 0
github.com/try-veil/veil/packages/caddy/internal/handlers/veil_handler.go:50.19,52.4 1 0
github.com/try-veil/veil/packages/caddy/internal/handlers/veil_handler.go:53.3,53.30 1 0
github.com/try-veil/veil/packages/caddy/internal/handlers/veil_handler.go:55.2,55.12 1 0
github.com/try-veil/veil/packages/caddy/internal/handlers/veil_handler.go:58.37,63.2 3 0
github.com/try-veil/veil/packages/caddy/internal/handlers/veil_handler.go:66.58,75.48 4 4
github.com/try-veil/veil/packages/caddy/internal/handlers/veil_handler.go:75.48,77.3 1 0
github.com/try-veil/veil/packages/caddy/internal/handlers/veil_handler.go:79.2,82.46 2 4
github.com/try-veil/veil/packages/caddy/internal/handlers/veil_handler.go:82.46,84.3 1 0
github.com/try-veil/veil/packages/caddy/internal/handlers/veil_handler.go:86.2,89.12 2 4
github.com/try-veil/veil/packages/caddy/internal/handlers/veil_handler.go:93.41,95.12 1 0
github.com/try-veil/veil/packages/caddy/internal/handlers/veil_handler.go:95.12,99.24 2 0
github.com/try-veil/veil/packages/caddy/internal/handlers/veil_handler.go:99.24,103.48 3 0
github.com/try-veil/veil/packages/caddy/internal/handlers/veil_handler.go:103.48,108.22 3 0
github.com/try-veil/veil/packages/caddy/internal/handlers/veil_handler.go:108.22,109.41 1 0
github.com/try-veil/veil/packages/caddy/internal/handlers/veil_handler.go:109.41,112.7 1 0
github.com/try-veil/veil/packages/caddy/internal/handlers/veil_handler.go:112.12,114.7 1 0
github.com/try-veil/veil/packages/caddy/internal/handlers/veil_handler.go:115.6,115.25 1 0
github.com/try-veil/veil/packages/caddy/internal/handlers/veil_handler.go:117.5,117.11 1 0
github.com/try-veil/veil/packages/caddy/internal/handlers/veil_handler.go:120.4,121.27 2 0
github.com/try-veil/veil/packages/caddy/internal/handlers/veil_handler.go:127.40,132.16 3 0
github.com/try-veil/veil/packages/caddy/internal/handlers/veil_handler.go:132.16,134.3 1 0
github.com/try-veil/veil/packages/caddy/internal/handlers/veil_handler.go:136.2,144.27 4 0
github.com/try-veil/veil/packages/caddy/internal/handlers/veil_handler.go:144.27,152.48 2 0
github.com/try-veil/veil/packages/caddy/internal/handlers/veil_handler.go:152.48,158.12 3 0
github.com/try-veil/veil/packages/caddy/internal/handlers/veil_handler.go:161.3,165.17 2 0
github.com/try-veil/veil/packages/caddy/internal/handlers/veil_handler.go:168.2,173.12 2 0
github.com/try-veil/veil/packages/caddy/internal/handlers/veil_handler.go:177.36,179.2 1 0
github.com/try-veil/veil/packages/caddy/internal/handlers/veil_handler.go:182.93,183.18 1 7
github.com/try-veil/veil/packages/caddy/internal/handlers/veil_handler.go:183.18,185.3 1 1
github.com/try-veil/veil/packages/caddy/internal/handlers/veil_handler.go:187.2,188.16 2 6
github.com/try-veil/veil/packages/caddy/internal/handlers/veil_handler.go:188.16,190.3 1 0
github.com/try-veil/veil/packages/caddy/internal/handlers/veil_handler.go:193.2,193.16 1 6
github.com/try-veil/veil/packages/caddy/internal/handlers/veil_handler.go:193.16,195.3 1 1
github.com/try-veil/veil/packages/caddy/internal/handlers/veil_handler.go:198.2,199.34 2 5
github.com/try-veil/veil/packages/caddy/internal/handlers/veil_handler.go:199.34,200.40 1 6
github.com/try-veil/veil/packages/caddy/internal/handlers/veil_handler.go:200.40,202.9 2 3
github.com/try-veil/veil/packages/caddy/internal/handlers/veil_handler.go:206.2,206.12 1 5
github.com/try-veil/veil/packages/caddy/internal/handlers/veil_handler.go:206.12,208.3 1 2
github.com/try-veil/veil/packages/caddy/internal/handlers/veil_handler.go:210.2,210.17 1 3
github.com/try-veil/veil/packages/caddy/internal/handlers/veil_handler.go:214.67,217.16 2 2
github.com/try-veil/veil/packages/caddy/internal/handlers/veil_handler.go:217.16,221.3 2 0
github.com/try-veil/veil/packages/caddy/internal/handlers/veil_handler.go:224.2,225.16 2 2
github.com/try-veil/veil/packages/caddy/internal/handlers/veil_handler.go:225.16,229.3 2 0
github.com/try-veil/veil/packages/caddy/internal/handlers/veil_handler.go:232.2,233.35 2 2
github.com/try-veil/veil/packages/caddy/internal/handlers/veil_handler.go:233.35,240.3 1 0
github.com/try-veil/veil/packages/caddy/internal/handlers/veil_handler.go:240.8,244.3 1 2
github.com/try-veil/veil/packages/caddy/internal/handlers/veil_handler.go:247.2,281.72 3 2
github.com/try-veil/veil/packages/caddy/internal/handlers/veil_handler.go:281.72,285.3 2 0
github.com/try-veil/veil/packages/caddy/internal/handlers/veil_handler.go:288.2,290.16 3 2
github.com/try-veil/veil/packages/caddy/internal/handlers/veil_handler.go:290.16,294.3 2 0
github.com/try-veil/veil/packages/caddy/internal/handlers/veil_handler.go:296.2,296.71 1 2
github.com/try-veil/veil/packages/caddy/internal/handlers/veil_handler.go:296.71,300.3 2 0
github.com/try-veil/veil/packages/caddy/internal/handlers/veil_handler.go:303.2,304.9 2 2
github.com/try-veil/veil/packages/caddy/internal/handlers/veil_handler.go:304.9,307.3 2 0
github.com/try-veil/veil/packages/caddy/internal/handlers/veil_handler.go:310.2,311.9 2 2
github.com/try-veil/veil/packages/caddy/internal/handlers/veil_handler.go:311.9,314.3 2 0
github.com/try-veil/veil/packages/caddy/internal/handlers/veil_handler.go:317.2,318.9 2 2
github.com/try-veil/veil/packages/caddy/internal/handlers/veil_handler.go:318.9,321.3 2 0
github.com/try-veil/veil/packages/caddy/internal/handlers/veil_handler.go:324.2,325.9 2 2
github.com/try-veil/veil/packages/caddy/internal/handlers/veil_handler.go:325.9,328.3 2 0
github.com/try-veil/veil/packages/caddy/internal/handlers/veil_handler.go:331.2,332.9 2 2
github.com/try-veil/veil/packages/caddy/internal/handlers/veil_handler.go:332.9,334.3 1 0
github.com/try-veil/veil/packages/caddy/internal/handlers/veil_handler.go:337.2,338.31 2 2
github.com/try-veil/veil/packages/caddy/internal/handlers/veil_handler.go:338.31,340.10 2 0
github.com/try-veil/veil/packages/caddy/internal/handlers/veil_handler.go:340.10,341.12 1 0
github.com/try-veil/veil/packages/caddy/internal/handlers/veil_handler.go:344.3,345.32 2 0
github.com/try-veil/veil/packages/caddy/internal/handlers/veil_handler.go:345.32,346.12 1 0
github.com/try-veil/veil/packages/caddy/internal/handlers/veil_handler.go:349.3,350.10 2 0
github.com/try-veil/veil/packages/caddy/internal/handlers/veil_handler.go:350.10,351.12 1 0
github.com/try-veil/veil/packages/caddy/internal/handlers/veil_handler.go:354.3,355.29 2 0
github.com/try-veil/veil/packages/caddy/internal/handlers/veil_handler.go:355.29,356.12 1 0
github.com/try-veil/veil/packages/caddy/internal/handlers/veil_handler.go:359.3,359.60 1 0
github.com/try-veil/veil/packages/caddy/internal/handlers/veil_handler.go:359.60,363.9 3 0
github.com/try-veil/veil/packages/caddy/internal/handlers/veil_handler.go:368.2,368.18 1 2
github.com/try-veil/veil/packages/caddy/internal/handlers/veil_handler.go:368.18,371.32 2 2
github.com/try-veil/veil/packages/caddy/internal/handlers/veil_handler.go:371.32,373.11 2 0
github.com/try-veil/veil/packages/caddy/internal/handlers/veil_handler.go:373.11,374.13 1 0
github.com/try-veil/veil/packages/caddy/internal/handlers/veil_handler.go:377.4,378.33 2 0
github.com/try-veil/veil/packages/caddy/internal/handlers/veil_handler.go:378.33,379.13 1 0
github.com/try-veil/veil/packages/caddy/internal/handlers/veil_handler.go:382.4,383.11 2 0
github.com/try-veil/veil/packages/caddy/internal/handlers/veil_handler.go:383.11,384.13 1 0
github.com/try-veil/veil/packages/caddy/internal/handlers/veil_handler.go:387.4,388.30 2 0
github.com/try-veil/veil/packages/caddy/internal/handlers/veil_handler.go:388.30,389.13 1 0
github.com/try-veil/veil/packages/caddy/internal/handlers/veil_handler.go:392.4,392.66 1 0
github.com/try-veil/veil/packages/caddy/internal/handlers/veil_handler.go:392.66,394.10 2 0
github.com/try-veil/veil/packages/caddy/internal/handlers/veil_handler.go:399.3,399.27 1 2
github.com/try-veil/veil/packages/caddy/internal/handlers/veil_handler.go:399.27,409.4 5 0
github.com/try-veil/veil/packages/caddy/internal/handlers/veil_handler.go:409.9,411.4 1 2
github.com/try-veil/veil/packages/caddy/internal/handlers/veil_handler.go:415.2,423.16 7 2
github.com/try-veil/veil/packages/caddy/internal/handlers/veil_handler.go:423.16,427.3 2 0
github.com/try-veil/veil/packages/caddy/internal/handlers/veil_handler.go:430.2,431.16 2 2
github.com/try-veil/veil/packages/caddy/internal/handlers/veil_handler.go:431.16,434.3 1 0
github.com/try-veil/veil/packages/caddy/internal/handlers/veil_handler.go:434.8,437.3 1 2
github.com/try-veil/veil/packages/caddy/internal/handlers/veil_handler.go:440.2,440.57 1 2
github.com/try-veil/veil/packages/caddy/internal/handlers/veil_handler.go:440.57,444.3 2 0
github.com/try-veil/veil/packages/caddy/internal/handlers/veil_handler.go:446.2,451.58 2 2
github.com/try-veil/veil/packages/caddy/internal/handlers/veil_handler.go:451.58,455.3 2 0
github.com/try-veil/veil/packages/caddy/internal/handlers/veil_handler.go:457.2,457.12 1 2
github.com/try-veil/veil/packages/caddy/internal/handlers/veil_handler.go:461.65,463.16 2 0
github.com/try-veil/veil/packages/caddy/internal/handlers/veil_handler.go:463.16,465.3 1 0
github.com/try-veil/veil/packages/caddy/internal/handlers/veil_handler.go:466.2,469.67 3 0
github.com/try-veil/veil/packages/caddy/internal/handlers/veil_handler.go:469.67,471.3 1 0
github.com/try-veil/veil/packages/caddy/internal/handlers/veil_handler.go:474.2,474.27 1 0
github.com/try-veil/veil/packages/caddy/internal/handlers/veil_handler.go:474.27,476.3 1 0
github.com/try-veil/veil/packages/caddy/internal/handlers/veil_handler.go:479.2,483.46 2 0
github.com/try-veil/veil/packages/caddy/internal/handlers/veil_handler.go:483.46,484.58 1 0
github.com/try-veil/veil/packages/caddy/internal/handlers/veil_handler.go:484.58,486.4 1 0
github.com/try-veil/veil/packages/caddy/internal/handlers/veil_handler.go:490.2,490.28 1 0
github.com/try-veil/veil/packages/caddy/internal/handlers/veil_handler.go:490.28,492.3 1 0
github.com/try-veil/veil/packages/caddy/internal/handlers/veil_handler.go:495.2,495.43 1 0
github.com/try-veil/veil/packages/caddy/internal/handlers/veil_handler.go:495.43,500.3 1 0
github.com/try-veil/veil/packages/caddy/internal/handlers/veil_handler.go:503.2,504.16 2 0
github.com/try-veil/veil/packages/caddy/internal/handlers/veil_handler.go:504.16,506.3 1 0
github.com/try-veil/veil/packages/caddy/internal/handlers/veil_handler.go:507.2,509.21 2 0
github.com/try-veil/veil/packages/caddy/internal/handlers/veil_handler.go:513.70,515.16 2 2
github.com/try-veil/veil/packages/caddy/internal/handlers/veil_handler.go:515.16,517.3 1 0
github.com/try-veil/veil/packages/caddy/internal/handlers/veil_handler.go:520.2,521.30 2 2
github.com/try-veil/veil/packages/caddy/internal/handlers/veil_handler.go:521.30,523.29 1 0
github.com/try-veil/veil/packages/caddy/internal/handlers/veil_handler.go:524.16,525.46 1 0
github.com/try-veil/veil/packages/caddy/internal/handlers/veil_handler.go:526.15,527.45 1 0
github.com/try-veil/veil/packages/caddy/internal/handlers/veil_handler.go:528.11,529.13 1 0
github.com/try-veil/veil/packages/caddy/internal/handlers/veil_handler.go:533.2,533.17 1 2
github.com/try-veil/veil/packages/caddy/internal/handlers/veil_handler.go:537.63,539.16 2 2
github.com/try-veil/veil/packages/caddy/internal/handlers/veil_handler.go:539.16,541.3 1 0
github.com/try-veil/veil/packages/caddy/internal/handlers/veil_handler.go:542.2,542.25 1 2
github.com/try-veil/veil/packages/caddy/internal/handlers/veil_handler.go:546.40,547.20 1 3
github.com/try-veil/veil/packages/caddy/internal/handlers/veil_handler.go:547.20,549.3 1 1
github.com/try-veil/veil/packages/caddy/internal/handlers/veil_handler.go:550.2,550.29 1 2
github.com/try-veil/veil/packages/caddy/internal/handlers/veil_handler.go:550.29,552.3 1 1
github.com/try-veil/veil/packages/caddy/internal/handlers/veil_handler.go:553.2,553.12 1 1
github.com/try-veil/veil/packages/caddy/internal/handlers/veil_handler.go:557.77,560.53 2 2
github.com/try-veil/veil/packages/caddy/internal/handlers/veil_handler.go:560.53,562.3 1 0
github.com/try-veil/veil/packages/caddy/internal/handlers/veil_handler.go:565.2,569.16 4 2
github.com/try-veil/veil/packages/caddy/internal/handlers/veil_handler.go:569.16,571.3 1 0
github.com/try-veil/veil/packages/caddy/internal/handlers/veil_handler.go:573.2,573.67 1 2
github.com/try-veil/veil/packages/caddy/internal/handlers/veil_handler.go:573.67,575.3 1 0
github.com/try-veil/veil/packages/caddy/internal/handlers/veil_handler.go:577.2,580.12 2 2
github.com/try-veil/veil/packages/caddy/internal/handlers/veil_handler.go:584.103,586.49 1 4
github.com/try-veil/veil/packages/caddy/internal/handlers/veil_handler.go:586.49,591.3 2 1
github.com/try-veil/veil/packages/caddy/internal/handlers/veil_handler.go:594.2,598.16 3 3
github.com/try-veil/veil/packages/caddy/internal/handlers/veil_handler.go:598.16,604.3 3 1
github.com/try-veil/veil/packages/caddy/internal/handlers/veil_handler.go:607.2,608.37 2 2
github.com/try-veil/veil/packages/caddy/internal/handlers/veil_handler.go:608.37,609.32 1 2
github.com/try-veil/veil/packages/caddy/internal/handlers/veil_handler.go:609.32,611.9 2 2
github.com/try-veil/veil/packages/caddy/internal/handlers/veil_handler.go:615.2,615.20 1 2
github.com/try-veil/veil/packages/caddy/internal/handlers/veil_handler.go:615.20,621.3 3 0
github.com/try-veil/veil/packages/caddy/internal/handlers/veil_handler.go:624.2,624.45 1 2
github.com/try-veil/veil/packages/caddy/internal/handlers/veil_handler.go:624.45,625.33 1 2
github.com/try-veil/veil/packages/caddy/internal/handlers/veil_handler.go:625.33,631.4 3 1
github.com/try-veil/veil/packages/caddy/internal/handlers/veil_handler.go:634.2,638.29 2 1
github.com/try-veil/veil/packages/caddy/internal/handlers/veil_handler.go:642.89,643.9 1 1
github.com/try-veil/veil/packages/caddy/internal/handlers/veil_handler.go:644.49,645.31 1 1
github.com/try-veil/veil/packages/caddy/internal/handlers/veil_handler.go:646.50,647.34 1 0
github.com/try-veil/veil/packages/caddy/internal/handlers/veil_handler.go:648.57,649.42 1 0
github.com/try-veil/veil/packages/caddy/internal/handlers/veil_handler.go:650.10,652.13 2 0
github.com/try-veil/veil/packages/caddy/internal/handlers/veil_handler.go:657.83,658.33 1 4
github.com/try-veil/veil/packages/caddy/internal/handlers/veil_handler.go:658.33,661.3 2 0
github.com/try-veil/veil/packages/caddy/internal/handlers/veil_handler.go:663.2,664.61 2 4
github.com/try-veil/veil/packages/caddy/internal/handlers/veil_handler.go:664.61,669.3 3 0
github.com/try-veil/veil/packages/caddy/internal/handlers/veil_handler.go:672.2,672.42 1 4
github.com/try-veil/veil/packages/caddy/internal/handlers/veil_handler.go:672.42,675.3 2 2
github.com/try-veil/veil/packages/caddy/internal/handlers/veil_handler.go:678.2,686.37 2 2
github.com/try-veil/veil/packages/caddy/internal/handlers/veil_handler.go:686.37,690.3 1 2
github.com/try-veil/veil/packages/caddy/internal/handlers/veil_handler.go:693.2,693.34 1 2
github.com/try-veil/veil/packages/caddy/internal/handlers/veil_handler.go:693.34,699.3 1 2
github.com/try-veil/veil/packages/caddy/internal/handlers/veil_handler.go:702.2,702.50 1 2
github.com/try-veil/veil/packages/caddy/internal/handlers/veil_handler.go:702.50,707.3 3 0
github.com/try-veil/veil/packages/caddy/internal/handlers/veil_handler.go:710.2,710.51 1 2
github.com/try-veil/veil/packages/caddy/internal/handlers/veil_handler.go:710.51,715.3 3 0
github.com/try-veil/veil/packages/caddy/internal/handlers/veil_handler.go:718.2,723.4 2 2
github.com/try-veil/veil/packages/caddy/internal/handlers/veil_handler.go:727.86,728.33 1 0
github.com/try-veil/veil/packages/caddy/internal/handlers/veil_handler.go:728.33,731.3 2 0
github.com/try-veil/veil/packages/caddy/internal/handlers/veil_handler.go:733.2,741.61 2 0
github.com/try-veil/veil/packages/caddy/internal/handlers/veil_handler.go:741.61,746.3 3 0
github.com/try-veil/veil/packages/caddy/internal/handlers/veil_handler.go:749.2,749.45 1 0
github.com/try-veil/veil/packages/caddy/internal/handlers/veil_handler.go:749.45,752.3 2 0
github.com/try-veil/veil/packages/caddy/internal/handlers/veil_handler.go:755.2,756.16 2 0
github.com/try-veil/veil/packages/caddy/internal/handlers/veil_handler.go:756.16,761.3 3 0
github.com/try-veil/veil/packages/caddy/internal/handlers/veil_handler.go:763.2,763.16 1 0
github.com/try-veil/veil/packages/caddy/internal/handlers/veil_handler.go:763.16,766.3 2 0
github.com/try-veil/veil/packages/caddy/internal/handlers/veil_handler.go:769.2,769.34 1 0
github.com/try-veil/veil/packages/caddy/internal/handlers/veil_handler.go:769.34,772.43 2 0
github.com/try-veil/veil/packages/caddy/internal/handlers/veil_handler.go:772.43,773.34 1 0
github.com/try-veil/veil/packages/caddy/internal/handlers/veil_handler.go:773.34,775.10 2 0
github.com/try-veil/veil/packages/caddy/internal/handlers/veil_handler.go:779.3,779.14 1 0
github.com/try-veil/veil/packages/caddy/internal/handlers/veil_handler.go:779.14,785.4 1 0
github.com/try-veil/veil/packages/caddy/internal/handlers/veil_handler.go:789.2,789.47 1 0
github.com/try-veil/veil/packages/caddy/internal/handlers/veil_handler.go:789.47,794.3 3 0
github.com/try-veil/veil/packages/caddy/internal/handlers/veil_handler.go:797.2,802.4 2 0
github.com/try-veil/veil/packages/caddy/internal/handlers/veil_handler.go:806.94,807.32 1 0
github.com/try-veil/veil/packages/caddy/internal/handlers/veil_handler.go:807.32,810.3 2 0
github.com/try-veil/veil/packages/caddy/internal/handlers/veil_handler.go:813.2,819.61 2 0
github.com/try-veil/veil/packages/caddy/internal/handlers/veil_handler.go:819.61,824.3 3 0
github.com/try-veil/veil/packages/caddy/internal/handlers/veil_handler.go:827.2,827.40 1 0
github.com/try-veil/veil/packages/caddy/internal/handlers/veil_handler.go:827.40,830.3 2 0
github.com/try-veil/veil/packages/caddy/internal/handlers/veil_handler.go:833.2,834.16 2 0
github.com/try-veil/veil/packages/caddy/internal/handlers/veil_handler.go:834.16,839.3 3 0
github.com/try-veil/veil/packages/caddy/internal/handlers/veil_handler.go:841.2,841.16 1 0
github.com/try-veil/veil/packages/caddy/internal/handlers/veil_handler.go:841.16,844.3 2 0
github.com/try-veil/veil/packages/caddy/internal/handlers/veil_handler.go:847.2,848.29 2 0
github.com/try-veil/veil/packages/caddy/internal/handlers/veil_handler.go:848.29,849.39 1 0
github.com/try-veil/veil/packages/caddy/internal/handlers/veil_handler.go:849.39,852.9 3 0
github.com/try-veil/veil/packages/caddy/internal/handlers/veil_handler.go:856.2,856.15 1 0
github.com/try-veil/veil/packages/caddy/internal/handlers/veil_handler.go:856.15,859.3 2 0
github.com/try-veil/veil/packages/caddy/internal/handlers/veil_handler.go:862.2,862.47 1 0
github.com/try-veil/veil/packages/caddy/internal/handlers/veil_handler.go:862.47,867.3 3 0
github.com/try-veil/veil/packages/caddy/internal/handlers/veil_handler.go:870.2,875.4 2 0
github.com/try-veil/veil/packages/caddy/internal/store/api_store.go:19.41,24.2 1 4
github.com/try-veil/veil/packages/caddy/internal/store/api_store.go:27.62,35.37 2 4
github.com/try-veil/veil/packages/caddy/internal/store/api_store.go:35.37,40.3 1 5
github.com/try-veil/veil/packages/caddy/internal/store/api_store.go:42.2,43.16 2 4
github.com/try-veil/veil/packages/caddy/internal/store/api_store.go:43.16,48.3 2 0
github.com/try-veil/veil/packages/caddy/internal/store/api_store.go:51.2,53.16 3 4
github.com/try-veil/veil/packages/caddy/internal/store/api_store.go:53.16,57.3 1 0
github.com/try-veil/veil/packages/caddy/internal/store/api_store.go:57.8,61.3 1 4
github.com/try-veil/veil/packages/caddy/internal/store/api_store.go:63.2,67.12 2 4
github.com/try-veil/veil/packages/caddy/internal/store/api_store.go:71.73,80.16 4 8
github.com/try-veil/veil/packages/caddy/internal/store/api_store.go:80.16,84.3 2 0
github.com/try-veil/veil/packages/caddy/internal/store/api_store.go:86.2,90.33 2 8
github.com/try-veil/veil/packages/caddy/internal/store/api_store.go:90.33,96.38 2 8
github.com/try-veil/veil/packages/caddy/internal/store/api_store.go:96.38,101.4 1 12
github.com/try-veil/veil/packages/caddy/internal/store/api_store.go:105.2,108.33 3 8
github.com/try-veil/veil/packages/caddy/internal/store/api_store.go:108.33,115.76 3 8
github.com/try-veil/veil/packages/caddy/internal/store/api_store.go:115.76,121.4 3 7
github.com/try-veil/veil/packages/caddy/internal/store/api_store.go:124.2,124.22 1 8
github.com/try-veil/veil/packages/caddy/internal/store/api_store.go:124.22,129.41 2 7
github.com/try-veil/veil/packages/caddy/internal/store/api_store.go:129.41,134.4 1 11
github.com/try-veil/veil/packages/caddy/internal/store/api_store.go:135.8,138.3 1 1
github.com/try-veil/veil/packages/caddy/internal/store/api_store.go:140.2,140.23 1 8
github.com/try-veil/veil/packages/caddy/internal/store/api_store.go:144.84,145.38 1 0
github.com/try-veil/veil/packages/caddy/internal/store/api_store.go:145.38,150.3 2 0
github.com/try-veil/veil/packages/caddy/internal/store/api_store.go:152.2,158.94 2 0
github.com/try-veil/veil/packages/caddy/internal/store/api_store.go:158.94,163.3 2 0
github.com/try-veil/veil/packages/caddy/internal/store/api_store.go:165.2,168.40 2 0
github.com/try-veil/veil/packages/caddy/internal/store/api_store.go:168.40,175.40 2 0
github.com/try-veil/veil/packages/caddy/internal/store/api_store.go:175.40,177.64 1 0
github.com/try-veil/veil/packages/caddy/internal/store/api_store.go:177.64,181.13 2 0
github.com/try-veil/veil/packages/caddy/internal/store/api_store.go:183.4,185.15 2 0
github.com/try-veil/veil/packages/caddy/internal/store/api_store.go:189.2,190.14 2 0
github.com/try-veil/veil/packages/caddy/internal/store/api_store.go:194.54,205.25 3 0
github.com/try-veil/veil/packages/caddy/internal/store/api_store.go:205.25,210.3 2 0
github.com/try-veil/veil/packages/caddy/internal/store/api_store.go:212.2,216.12 2 0
github.com/try-veil/veil/packages/caddy/internal/store/api_store.go:220.59,227.16 3 0
github.com/try-veil/veil/packages/caddy/internal/store/api_store.go:227.16,231.3 2 0
github.com/try-veil/veil/packages/caddy/internal/store/api_store.go:233.2,236.21 2 0
github.com/try-veil/veil/packages/caddy/internal/store/api_store.go:240.49,245.25 3 0
github.com/try-veil/veil/packages/caddy/internal/store/api_store.go:245.25,250.3 2 0
github.com/try-veil/veil/packages/caddy/internal/store/api_store.go:252.2,256.12 2 0
github.com/try-veil/veil/packages/caddy/internal/store/api_store.go:260.40,270.16 3 4
github.com/try-veil/veil/packages/caddy/internal/store/api_store.go:270.16,274.3 2 0
github.com/try-veil/veil/packages/caddy/internal/store/api_store.go:276.2,277.12 2 4
github.com/try-veil/veil/packages/caddy/internal/store/api_store.go:281.62,290.21 3 0
github.com/try-veil/veil/packages/caddy/internal/store/api_store.go:290.21,292.3 1 0
github.com/try-veil/veil/packages/caddy/internal/store/api_store.go:295.2,295.46 1 0
github.com/try-veil/veil/packages/caddy/internal/store/api_store.go:295.46,301.3 3 0
github.com/try-veil/veil/packages/caddy/internal/store/api_store.go:304.2,304.42 1 0
github.com/try-veil/veil/packages/caddy/internal/store/api_store.go:304.42,309.3 2 0
github.com/try-veil/veil/packages/caddy/internal/store/api_store.go:311.2,315.12 2 0
